{
  "/Users/farnamhomayounfard/Downloads/Assai - Document Management System/components/filter-chips/filter-chips.tsx": {
    "path": "/Users/farnamhomayounfard/Downloads/Assai - Document Management System/components/filter-chips/filter-chips.tsx",
    "statementMap": {
      "0": {
        "start": { "line": 10, "column": 18 },
        "end": { "line": 10, "column": null }
      },
      "1": {
        "start": { "line": 10, "column": 24 },
        "end": { "line": 10, "column": null }
      },
      "2": {
        "start": { "line": 11, "column": 20 },
        "end": { "line": 11, "column": null }
      },
      "3": {
        "start": { "line": 11, "column": 26 },
        "end": { "line": 11, "column": null }
      },
      "4": {
        "start": { "line": 12, "column": 26 },
        "end": { "line": 12, "column": null }
      },
      "5": {
        "start": { "line": 12, "column": 32 },
        "end": { "line": 12, "column": null }
      },
      "6": {
        "start": { "line": 14, "column": 27 },
        "end": { "line": 91, "column": null }
      },
      "7": {
        "start": { "line": 15, "column": 8 },
        "end": { "line": 19, "column": null }
      },
      "8": {
        "start": { "line": 21, "column": 2 },
        "end": { "line": 23, "column": null }
      },
      "9": {
        "start": { "line": 22, "column": 4 },
        "end": { "line": 22, "column": null }
      },
      "10": {
        "start": { "line": 25, "column": 24 },
        "end": { "line": 30, "column": null }
      },
      "11": {
        "start": { "line": 26, "column": 4 },
        "end": { "line": 28, "column": null }
      },
      "12": {
        "start": { "line": 27, "column": 6 },
        "end": { "line": 27, "column": null }
      },
      "13": {
        "start": { "line": 29, "column": 4 },
        "end": { "line": 29, "column": null }
      },
      "14": {
        "start": { "line": 32, "column": 2 },
        "end": { "line": 34, "column": null }
      },
      "15": {
        "start": { "line": 33, "column": 4 },
        "end": { "line": 33, "column": null }
      },
      "16": {
        "start": { "line": 36, "column": 25 },
        "end": { "line": 59, "column": null }
      },
      "17": {
        "start": { "line": 40, "column": 4 },
        "end": { "line": 58, "column": null }
      },
      "18": {
        "start": { "line": 42, "column": 8 },
        "end": { "line": 42, "column": null }
      },
      "19": {
        "start": { "line": 44, "column": 8 },
        "end": { "line": 44, "column": null }
      },
      "20": {
        "start": { "line": 46, "column": 8 },
        "end": { "line": 46, "column": null }
      },
      "21": {
        "start": { "line": 48, "column": 25 },
        "end": { "line": 48, "column": null }
      },
      "22": {
        "start": { "line": 50, "column": 10 },
        "end": { "line": 50, "column": null }
      },
      "23": {
        "start": { "line": 51, "column": 8 },
        "end": { "line": 51, "column": null }
      },
      "24": {
        "start": { "line": 53, "column": 8 },
        "end": { "line": 53, "column": null }
      },
      "25": {
        "start": { "line": 55, "column": 8 },
        "end": { "line": 55, "column": null }
      },
      "26": {
        "start": { "line": 57, "column": 8 },
        "end": { "line": 57, "column": null }
      },
      "27": {
        "start": { "line": 61, "column": 2 },
        "end": { "line": 89, "column": null }
      },
      "28": {
        "start": { "line": 65, "column": 8 },
        "end": { "line": 67, "column": null }
      },
      "29": {
        "start": { "line": 66, "column": 10 },
        "end": { "line": 66, "column": null }
      },
      "30": {
        "start": { "line": 69, "column": 22 },
        "end": { "line": 69, "column": null }
      },
      "31": {
        "start": { "line": 70, "column": 8 },
        "end": { "line": 72, "column": null }
      },
      "32": {
        "start": { "line": 71, "column": 10 },
        "end": { "line": 71, "column": null }
      },
      "33": {
        "start": { "line": 74, "column": 8 },
        "end": { "line": 86, "column": null }
      },
      "34": {
        "start": { "line": 81, "column": 29 },
        "end": { "line": 81, "column": null }
      }
    },
    "fnMap": {
      "0": {
        "name": "(anonymous_0)",
        "decl": {
          "start": { "line": 10, "column": 18 },
          "end": { "line": 10, "column": 24 }
        },
        "loc": {
          "start": { "line": 10, "column": 24 },
          "end": { "line": 10, "column": null }
        },
        "line": 10
      },
      "1": {
        "name": "(anonymous_1)",
        "decl": {
          "start": { "line": 10, "column": 24 },
          "end": { "line": 10, "column": 30 }
        },
        "loc": {
          "start": { "line": 10, "column": 30 },
          "end": { "line": 10, "column": null }
        },
        "line": 10
      },
      "2": {
        "name": "(anonymous_2)",
        "decl": {
          "start": { "line": 11, "column": 20 },
          "end": { "line": 11, "column": 26 }
        },
        "loc": {
          "start": { "line": 11, "column": 26 },
          "end": { "line": 11, "column": null }
        },
        "line": 11
      },
      "3": {
        "name": "(anonymous_3)",
        "decl": {
          "start": { "line": 12, "column": 26 },
          "end": { "line": 12, "column": 32 }
        },
        "loc": {
          "start": { "line": 12, "column": 32 },
          "end": { "line": 12, "column": null }
        },
        "line": 12
      },
      "4": {
        "name": "(anonymous_4)",
        "decl": {
          "start": { "line": 14, "column": 27 },
          "end": { "line": 14, "column": 28 }
        },
        "loc": {
          "start": { "line": 14, "column": 78 },
          "end": { "line": 91, "column": null }
        },
        "line": 14
      },
      "5": {
        "name": "(anonymous_5)",
        "decl": {
          "start": { "line": 25, "column": 55 },
          "end": { "line": 25, "column": 56 }
        },
        "loc": {
          "start": { "line": 25, "column": 71 },
          "end": { "line": 30, "column": 3 }
        },
        "line": 25
      },
      "6": {
        "name": "(anonymous_6)",
        "decl": {
          "start": { "line": 36, "column": 25 },
          "end": { "line": 36, "column": null }
        },
        "loc": {
          "start": { "line": 39, "column": 15 },
          "end": { "line": 59, "column": null }
        },
        "line": 39
      },
      "7": {
        "name": "(anonymous_7)",
        "decl": {
          "start": { "line": 64, "column": 25 },
          "end": { "line": 64, "column": 26 }
        },
        "loc": {
          "start": { "line": 64, "column": 43 },
          "end": { "line": 88, "column": 7 }
        },
        "line": 64
      },
      "8": {
        "name": "(anonymous_8)",
        "decl": {
          "start": { "line": 81, "column": 23 },
          "end": { "line": 81, "column": 29 }
        },
        "loc": {
          "start": { "line": 81, "column": 29 },
          "end": { "line": 81, "column": null }
        },
        "line": 81
      }
    },
    "branchMap": {
      "0": {
        "loc": {
          "start": { "line": 21, "column": 2 },
          "end": { "line": 23, "column": null }
        },
        "type": "if",
        "locations": [
          {
            "start": { "line": 21, "column": 2 },
            "end": { "line": 23, "column": null }
          },
          { "start": {}, "end": {} }
        ],
        "line": 21
      },
      "1": {
        "loc": {
          "start": { "line": 26, "column": 4 },
          "end": { "line": 28, "column": null }
        },
        "type": "if",
        "locations": [
          {
            "start": { "line": 26, "column": 4 },
            "end": { "line": 28, "column": null }
          },
          { "start": {}, "end": {} }
        ],
        "line": 26
      },
      "2": {
        "loc": {
          "start": { "line": 29, "column": 11 },
          "end": { "line": 29, "column": null }
        },
        "type": "binary-expr",
        "locations": [
          {
            "start": { "line": 29, "column": 11 },
            "end": { "line": 29, "column": 29 }
          },
          {
            "start": { "line": 29, "column": 29 },
            "end": { "line": 29, "column": null }
          }
        ],
        "line": 29
      },
      "3": {
        "loc": {
          "start": { "line": 32, "column": 2 },
          "end": { "line": 34, "column": null }
        },
        "type": "if",
        "locations": [
          {
            "start": { "line": 32, "column": 2 },
            "end": { "line": 34, "column": null }
          },
          { "start": {}, "end": {} }
        ],
        "line": 32
      },
      "4": {
        "loc": {
          "start": { "line": 40, "column": 4 },
          "end": { "line": 58, "column": null }
        },
        "type": "switch",
        "locations": [
          {
            "start": { "line": 41, "column": 6 },
            "end": { "line": 42, "column": null }
          },
          {
            "start": { "line": 43, "column": 6 },
            "end": { "line": 44, "column": null }
          },
          {
            "start": { "line": 45, "column": 6 },
            "end": { "line": 46, "column": null }
          },
          {
            "start": { "line": 47, "column": 6 },
            "end": { "line": 51, "column": null }
          },
          {
            "start": { "line": 52, "column": 6 },
            "end": { "line": 53, "column": null }
          },
          {
            "start": { "line": 54, "column": 6 },
            "end": { "line": 55, "column": null }
          },
          {
            "start": { "line": 56, "column": 6 },
            "end": { "line": 57, "column": null }
          }
        ],
        "line": 40
      },
      "5": {
        "loc": {
          "start": { "line": 50, "column": 10 },
          "end": { "line": 50, "column": null }
        },
        "type": "cond-expr",
        "locations": [
          {
            "start": { "line": 50, "column": 34 },
            "end": { "line": 50, "column": 40 }
          },
          {
            "start": { "line": 50, "column": 40 },
            "end": { "line": 50, "column": null }
          }
        ],
        "line": 50
      },
      "6": {
        "loc": {
          "start": { "line": 50, "column": 40 },
          "end": { "line": 50, "column": null }
        },
        "type": "cond-expr",
        "locations": [
          {
            "start": { "line": 50, "column": 65 },
            "end": { "line": 50, "column": 71 }
          },
          {
            "start": { "line": 50, "column": 71 },
            "end": { "line": 50, "column": null }
          }
        ],
        "line": 50
      },
      "7": {
        "loc": {
          "start": { "line": 55, "column": 15 },
          "end": { "line": 55, "column": null }
        },
        "type": "cond-expr",
        "locations": [
          {
            "start": { "line": 55, "column": 23 },
            "end": { "line": 55, "column": 43 }
          },
          {
            "start": { "line": 55, "column": 43 },
            "end": { "line": 55, "column": null }
          }
        ],
        "line": 55
      },
      "8": {
        "loc": {
          "start": { "line": 65, "column": 8 },
          "end": { "line": 67, "column": null }
        },
        "type": "if",
        "locations": [
          {
            "start": { "line": 65, "column": 8 },
            "end": { "line": 67, "column": null }
          },
          { "start": {}, "end": {} }
        ],
        "line": 65
      },
      "9": {
        "loc": {
          "start": { "line": 70, "column": 8 },
          "end": { "line": 72, "column": null }
        },
        "type": "if",
        "locations": [
          {
            "start": { "line": 70, "column": 8 },
            "end": { "line": 72, "column": null }
          },
          { "start": {}, "end": {} }
        ],
        "line": 70
      }
    },
    "s": {
      "0": 1,
      "1": 12,
      "2": 1,
      "3": 36,
      "4": 1,
      "5": 0,
      "6": 1,
      "7": 12,
      "8": 12,
      "9": 0,
      "10": 12,
      "11": 72,
      "12": 12,
      "13": 60,
      "14": 12,
      "15": 1,
      "16": 11,
      "17": 15,
      "18": 4,
      "19": 2,
      "20": 0,
      "21": 4,
      "22": 4,
      "23": 4,
      "24": 2,
      "25": 3,
      "26": 0,
      "27": 11,
      "28": 19,
      "29": 4,
      "30": 15,
      "31": 15,
      "32": 0,
      "33": 15,
      "34": 1
    },
    "f": {
      "0": 12,
      "1": 12,
      "2": 36,
      "3": 0,
      "4": 12,
      "5": 72,
      "6": 15,
      "7": 19,
      "8": 1
    },
    "b": {
      "0": [0, 12],
      "1": [12, 60],
      "2": [60, 51],
      "3": [1, 11],
      "4": [4, 2, 0, 4, 2, 3, 0],
      "5": [1, 3],
      "6": [2, 1],
      "7": [2, 1],
      "8": [4, 15],
      "9": [0, 15]
    },
    "meta": {
      "lastBranch": 10,
      "lastFunction": 9,
      "lastStatement": 35,
      "seen": {
        "s:10:18:10:Infinity": 0,
        "f:10:18:10:24": 0,
        "s:10:24:10:Infinity": 1,
        "f:10:24:10:30": 1,
        "s:11:20:11:Infinity": 2,
        "f:11:20:11:26": 2,
        "s:11:26:11:Infinity": 3,
        "s:12:26:12:Infinity": 4,
        "f:12:26:12:32": 3,
        "s:12:32:12:Infinity": 5,
        "s:14:27:91:Infinity": 6,
        "f:14:27:14:28": 4,
        "s:15:8:19:Infinity": 7,
        "b:21:2:23:Infinity:undefined:undefined:undefined:undefined": 0,
        "s:21:2:23:Infinity": 8,
        "s:22:4:22:Infinity": 9,
        "s:25:24:30:Infinity": 10,
        "f:25:55:25:56": 5,
        "b:26:4:28:Infinity:undefined:undefined:undefined:undefined": 1,
        "s:26:4:28:Infinity": 11,
        "s:27:6:27:Infinity": 12,
        "s:29:4:29:Infinity": 13,
        "b:29:11:29:29:29:29:29:Infinity": 2,
        "b:32:2:34:Infinity:undefined:undefined:undefined:undefined": 3,
        "s:32:2:34:Infinity": 14,
        "s:33:4:33:Infinity": 15,
        "s:36:25:59:Infinity": 16,
        "f:36:25:36:Infinity": 6,
        "b:41:6:42:Infinity:43:6:44:Infinity:45:6:46:Infinity:47:6:51:Infinity:52:6:53:Infinity:54:6:55:Infinity:56:6:57:Infinity": 4,
        "s:40:4:58:Infinity": 17,
        "s:42:8:42:Infinity": 18,
        "s:44:8:44:Infinity": 19,
        "s:46:8:46:Infinity": 20,
        "s:48:25:48:Infinity": 21,
        "s:50:10:50:Infinity": 22,
        "b:50:34:50:40:50:40:50:Infinity": 5,
        "b:50:65:50:71:50:71:50:Infinity": 6,
        "s:51:8:51:Infinity": 23,
        "s:53:8:53:Infinity": 24,
        "s:55:8:55:Infinity": 25,
        "b:55:23:55:43:55:43:55:Infinity": 7,
        "s:57:8:57:Infinity": 26,
        "s:61:2:89:Infinity": 27,
        "f:64:25:64:26": 7,
        "b:65:8:67:Infinity:undefined:undefined:undefined:undefined": 8,
        "s:65:8:67:Infinity": 28,
        "s:66:10:66:Infinity": 29,
        "s:69:22:69:Infinity": 30,
        "b:70:8:72:Infinity:undefined:undefined:undefined:undefined": 9,
        "s:70:8:72:Infinity": 31,
        "s:71:10:71:Infinity": 32,
        "s:74:8:86:Infinity": 33,
        "f:81:23:81:29": 8,
        "s:81:29:81:Infinity": 34
      }
    }
  },
  "/Users/farnamhomayounfard/Downloads/Assai - Document Management System/components/ui/badge.tsx": {
    "path": "/Users/farnamhomayounfard/Downloads/Assai - Document Management System/components/ui/badge.tsx",
    "statementMap": {
      "0": {
        "start": { "line": 6, "column": 6 },
        "end": { "line": 21, "column": null }
      },
      "1": {
        "start": { "line": 26, "column": 2 },
        "end": { "line": 26, "column": null }
      }
    },
    "fnMap": {
      "0": {
        "name": "Badge",
        "decl": {
          "start": { "line": 25, "column": 9 },
          "end": { "line": 25, "column": 15 }
        },
        "loc": {
          "start": { "line": 25, "column": 61 },
          "end": { "line": 27, "column": null }
        },
        "line": 25
      }
    },
    "branchMap": {},
    "s": { "0": 1, "1": 15 },
    "f": { "0": 15 },
    "b": {},
    "meta": {
      "lastBranch": 0,
      "lastFunction": 1,
      "lastStatement": 2,
      "seen": {
        "s:6:6:21:Infinity": 0,
        "f:25:9:25:15": 0,
        "s:26:2:26:Infinity": 1
      }
    }
  },
  "/Users/farnamhomayounfard/Downloads/Assai - Document Management System/components/ui/button.tsx": {
    "path": "/Users/farnamhomayounfard/Downloads/Assai - Document Management System/components/ui/button.tsx",
    "statementMap": {
      "0": {
        "start": { "line": 7, "column": 6 },
        "end": { "line": 37, "column": null }
      },
      "1": {
        "start": { "line": 49, "column": 15 },
        "end": { "line": 49, "column": null }
      },
      "2": {
        "start": { "line": 51, "column": 2 },
        "end": { "line": 56, "column": null }
      }
    },
    "fnMap": {
      "0": {
        "name": "Button",
        "decl": {
          "start": { "line": 39, "column": 9 },
          "end": { "line": 39, "column": 16 }
        },
        "loc": {
          "start": { "line": 48, "column": 5 },
          "end": { "line": 58, "column": null }
        },
        "line": 48
      }
    },
    "branchMap": {
      "0": {
        "loc": {
          "start": { "line": 43, "column": 2 },
          "end": { "line": 43, "column": null }
        },
        "type": "default-arg",
        "locations": [
          {
            "start": { "line": 43, "column": 12 },
            "end": { "line": 43, "column": null }
          }
        ],
        "line": 43
      },
      "1": {
        "loc": {
          "start": { "line": 49, "column": 15 },
          "end": { "line": 49, "column": null }
        },
        "type": "cond-expr",
        "locations": [
          {
            "start": { "line": 49, "column": 25 },
            "end": { "line": 49, "column": 32 }
          },
          {
            "start": { "line": 49, "column": 32 },
            "end": { "line": 49, "column": null }
          }
        ],
        "line": 49
      }
    },
    "s": { "0": 2, "1": 32, "2": 32 },
    "f": { "0": 32 },
    "b": { "0": [32], "1": [2, 30] },
    "meta": {
      "lastBranch": 2,
      "lastFunction": 1,
      "lastStatement": 3,
      "seen": {
        "s:7:6:37:Infinity": 0,
        "f:39:9:39:16": 0,
        "b:43:12:43:Infinity": 0,
        "s:49:15:49:Infinity": 1,
        "b:49:25:49:32:49:32:49:Infinity": 1,
        "s:51:2:56:Infinity": 2
      }
    }
  },
  "/Users/farnamhomayounfard/Downloads/Assai - Document Management System/lib/data-grid-utils.ts": {
    "path": "/Users/farnamhomayounfard/Downloads/Assai - Document Management System/lib/data-grid-utils.ts",
    "statementMap": {
      "0": {
        "start": { "line": 3, "column": 27 },
        "end": { "line": 19, "column": null }
      },
      "1": {
        "start": { "line": 7, "column": 2 },
        "end": { "line": 9, "column": null }
      },
      "2": {
        "start": { "line": 8, "column": 4 },
        "end": { "line": 8, "column": null }
      },
      "3": {
        "start": { "line": 11, "column": 16 },
        "end": { "line": 11, "column": null }
      },
      "4": {
        "start": { "line": 12, "column": 2 },
        "end": { "line": 18, "column": null }
      },
      "5": {
        "start": { "line": 14, "column": 6 },
        "end": { "line": 17, "column": null }
      },
      "6": {
        "start": { "line": 21, "column": 31 },
        "end": { "line": 41, "column": null }
      },
      "7": {
        "start": { "line": 26, "column": 15 },
        "end": { "line": 26, "column": null }
      },
      "8": {
        "start": { "line": 28, "column": 2 },
        "end": { "line": 32, "column": null }
      },
      "9": {
        "start": { "line": 29, "column": 4 },
        "end": { "line": 31, "column": null }
      },
      "10": {
        "start": { "line": 30, "column": 15 },
        "end": { "line": 30, "column": null }
      },
      "11": {
        "start": { "line": 34, "column": 2 },
        "end": { "line": 38, "column": null }
      },
      "12": {
        "start": { "line": 35, "column": 4 },
        "end": { "line": 37, "column": null }
      },
      "13": {
        "start": { "line": 36, "column": 15 },
        "end": { "line": 36, "column": null }
      },
      "14": {
        "start": { "line": 40, "column": 2 },
        "end": { "line": 40, "column": null }
      },
      "15": {
        "start": { "line": 43, "column": 35 },
        "end": { "line": 64, "column": null }
      },
      "16": {
        "start": { "line": 48, "column": 2 },
        "end": { "line": 50, "column": null }
      },
      "17": {
        "start": { "line": 49, "column": 4 },
        "end": { "line": 49, "column": null }
      },
      "18": {
        "start": { "line": 52, "column": 2 },
        "end": { "line": 63, "column": null }
      },
      "19": {
        "start": { "line": 53, "column": 4 },
        "end": { "line": 62, "column": null }
      },
      "20": {
        "start": { "line": 55, "column": 8 },
        "end": { "line": 55, "column": null }
      },
      "21": {
        "start": { "line": 57, "column": 8 },
        "end": { "line": 57, "column": null }
      },
      "22": {
        "start": { "line": 59, "column": 8 },
        "end": { "line": 59, "column": null }
      },
      "23": {
        "start": { "line": 61, "column": 8 },
        "end": { "line": 61, "column": null }
      },
      "24": {
        "start": { "line": 66, "column": 32 },
        "end": { "line": 74, "column": null }
      },
      "25": {
        "start": { "line": 70, "column": 2 },
        "end": { "line": 72, "column": null }
      },
      "26": {
        "start": { "line": 71, "column": 4 },
        "end": { "line": 71, "column": null }
      },
      "27": {
        "start": { "line": 73, "column": 2 },
        "end": { "line": 73, "column": null }
      },
      "28": {
        "start": { "line": 73, "column": 35 },
        "end": { "line": 73, "column": 61 }
      },
      "29": {
        "start": { "line": 76, "column": 36 },
        "end": { "line": 84, "column": null }
      },
      "30": {
        "start": { "line": 80, "column": 2 },
        "end": { "line": 82, "column": null }
      },
      "31": {
        "start": { "line": 81, "column": 4 },
        "end": { "line": 81, "column": null }
      },
      "32": {
        "start": { "line": 83, "column": 2 },
        "end": { "line": 83, "column": null }
      },
      "33": {
        "start": { "line": 83, "column": 35 },
        "end": { "line": 83, "column": 62 }
      },
      "34": {
        "start": { "line": 86, "column": 31 },
        "end": { "line": 113, "column": null }
      },
      "35": {
        "start": { "line": 93, "column": 15 },
        "end": { "line": 96, "column": null }
      },
      "36": {
        "start": { "line": 93, "column": 39 },
        "end": { "line": 96, "column": 4 }
      },
      "37": {
        "start": { "line": 98, "column": 2 },
        "end": { "line": 98, "column": null }
      },
      "38": {
        "start": { "line": 100, "column": 2 },
        "end": { "line": 100, "column": null }
      },
      "39": {
        "start": { "line": 102, "column": 2 },
        "end": { "line": 106, "column": null }
      },
      "40": {
        "start": { "line": 108, "column": 2 },
        "end": { "line": 108, "column": null }
      },
      "41": {
        "start": { "line": 110, "column": 2 },
        "end": { "line": 110, "column": null }
      },
      "42": {
        "start": { "line": 112, "column": 2 },
        "end": { "line": 112, "column": null }
      },
      "43": {
        "start": { "line": 115, "column": 28 },
        "end": { "line": 135, "column": null }
      },
      "44": {
        "start": { "line": 119, "column": 2 },
        "end": { "line": 121, "column": null }
      },
      "45": {
        "start": { "line": 120, "column": 4 },
        "end": { "line": 120, "column": null }
      },
      "46": {
        "start": { "line": 123, "column": 20 },
        "end": { "line": 123, "column": null }
      },
      "47": {
        "start": { "line": 124, "column": 2 },
        "end": { "line": 134, "column": null }
      },
      "48": {
        "start": { "line": 125, "column": 23 },
        "end": { "line": 125, "column": null }
      },
      "49": {
        "start": { "line": 126, "column": 24 },
        "end": { "line": 126, "column": null }
      },
      "50": {
        "start": { "line": 128, "column": 4 },
        "end": { "line": 130, "column": null }
      },
      "51": {
        "start": { "line": 129, "column": 6 },
        "end": { "line": 129, "column": null }
      },
      "52": {
        "start": { "line": 132, "column": 23 },
        "end": { "line": 132, "column": null }
      },
      "53": {
        "start": { "line": 133, "column": 4 },
        "end": { "line": 133, "column": null }
      },
      "54": {
        "start": { "line": 137, "column": 35 },
        "end": { "line": 144, "column": null }
      },
      "55": {
        "start": { "line": 142, "column": 4 },
        "end": { "line": 142, "column": null }
      },
      "56": {
        "start": { "line": 143, "column": 2 },
        "end": { "line": 143, "column": null }
      },
      "57": {
        "start": { "line": 146, "column": 35 },
        "end": { "line": 154, "column": null }
      },
      "58": {
        "start": { "line": 150, "column": 2 },
        "end": { "line": 152, "column": null }
      },
      "59": {
        "start": { "line": 151, "column": 4 },
        "end": { "line": 151, "column": null }
      },
      "60": {
        "start": { "line": 153, "column": 2 },
        "end": { "line": 153, "column": null }
      }
    },
    "fnMap": {
      "0": {
        "name": "(anonymous_0)",
        "decl": {
          "start": { "line": 3, "column": 27 },
          "end": { "line": 3, "column": null }
        },
        "loc": {
          "start": { "line": 6, "column": 17 },
          "end": { "line": 19, "column": null }
        },
        "line": 6
      },
      "1": {
        "name": "(anonymous_1)",
        "decl": {
          "start": { "line": 13, "column": 4 },
          "end": { "line": 13, "column": 5 }
        },
        "loc": {
          "start": { "line": 14, "column": 6 },
          "end": { "line": 17, "column": null }
        },
        "line": 14
      },
      "2": {
        "name": "(anonymous_2)",
        "decl": {
          "start": { "line": 21, "column": 31 },
          "end": { "line": 21, "column": null }
        },
        "loc": {
          "start": { "line": 25, "column": 17 },
          "end": { "line": 41, "column": null }
        },
        "line": 25
      },
      "3": {
        "name": "(anonymous_3)",
        "decl": {
          "start": { "line": 30, "column": 6 },
          "end": { "line": 30, "column": 7 }
        },
        "loc": {
          "start": { "line": 30, "column": 15 },
          "end": { "line": 30, "column": null }
        },
        "line": 30
      },
      "4": {
        "name": "(anonymous_4)",
        "decl": {
          "start": { "line": 36, "column": 6 },
          "end": { "line": 36, "column": 7 }
        },
        "loc": {
          "start": { "line": 36, "column": 15 },
          "end": { "line": 36, "column": null }
        },
        "line": 36
      },
      "5": {
        "name": "(anonymous_5)",
        "decl": {
          "start": { "line": 43, "column": 35 },
          "end": { "line": 43, "column": null }
        },
        "loc": {
          "start": { "line": 47, "column": 17 },
          "end": { "line": 64, "column": null }
        },
        "line": 47
      },
      "6": {
        "name": "(anonymous_6)",
        "decl": {
          "start": { "line": 52, "column": 26 },
          "end": { "line": 52, "column": 27 }
        },
        "loc": {
          "start": { "line": 52, "column": 35 },
          "end": { "line": 63, "column": 3 }
        },
        "line": 52
      },
      "7": {
        "name": "(anonymous_7)",
        "decl": {
          "start": { "line": 66, "column": 32 },
          "end": { "line": 66, "column": null }
        },
        "loc": {
          "start": { "line": 69, "column": 17 },
          "end": { "line": 74, "column": null }
        },
        "line": 69
      },
      "8": {
        "name": "(anonymous_8)",
        "decl": {
          "start": { "line": 73, "column": 26 },
          "end": { "line": 73, "column": 27 }
        },
        "loc": {
          "start": { "line": 73, "column": 35 },
          "end": { "line": 73, "column": 61 }
        },
        "line": 73
      },
      "9": {
        "name": "(anonymous_9)",
        "decl": {
          "start": { "line": 76, "column": 36 },
          "end": { "line": 76, "column": null }
        },
        "loc": {
          "start": { "line": 79, "column": 17 },
          "end": { "line": 84, "column": null }
        },
        "line": 79
      },
      "10": {
        "name": "(anonymous_10)",
        "decl": {
          "start": { "line": 83, "column": 26 },
          "end": { "line": 83, "column": 27 }
        },
        "loc": {
          "start": { "line": 83, "column": 35 },
          "end": { "line": 83, "column": 62 }
        },
        "line": 83
      },
      "11": {
        "name": "(anonymous_11)",
        "decl": {
          "start": { "line": 86, "column": 31 },
          "end": { "line": 86, "column": null }
        },
        "loc": {
          "start": { "line": 91, "column": 17 },
          "end": { "line": 113, "column": null }
        },
        "line": 91
      },
      "12": {
        "name": "(anonymous_12)",
        "decl": {
          "start": { "line": 93, "column": 29 },
          "end": { "line": 93, "column": 30 }
        },
        "loc": {
          "start": { "line": 93, "column": 39 },
          "end": { "line": 96, "column": 4 }
        },
        "line": 93
      },
      "13": {
        "name": "(anonymous_13)",
        "decl": {
          "start": { "line": 115, "column": 28 },
          "end": { "line": 115, "column": null }
        },
        "loc": {
          "start": { "line": 118, "column": 17 },
          "end": { "line": 135, "column": null }
        },
        "line": 118
      },
      "14": {
        "name": "(anonymous_14)",
        "decl": {
          "start": { "line": 124, "column": 29 },
          "end": { "line": 124, "column": 30 }
        },
        "loc": {
          "start": { "line": 124, "column": 54 },
          "end": { "line": 134, "column": 3 }
        },
        "line": 124
      },
      "15": {
        "name": "(anonymous_15)",
        "decl": {
          "start": { "line": 137, "column": 35 },
          "end": { "line": 137, "column": null }
        },
        "loc": {
          "start": { "line": 140, "column": 5 },
          "end": { "line": 144, "column": null }
        },
        "line": 140
      },
      "16": {
        "name": "(anonymous_16)",
        "decl": {
          "start": { "line": 146, "column": 35 },
          "end": { "line": 146, "column": null }
        },
        "loc": {
          "start": { "line": 149, "column": 13 },
          "end": { "line": 154, "column": null }
        },
        "line": 149
      }
    },
    "branchMap": {
      "0": {
        "loc": {
          "start": { "line": 7, "column": 2 },
          "end": { "line": 9, "column": null }
        },
        "type": "if",
        "locations": [
          {
            "start": { "line": 7, "column": 2 },
            "end": { "line": 9, "column": null }
          },
          { "start": {}, "end": {} }
        ],
        "line": 7
      },
      "1": {
        "loc": {
          "start": { "line": 14, "column": 6 },
          "end": { "line": 17, "column": null }
        },
        "type": "binary-expr",
        "locations": [
          {
            "start": { "line": 14, "column": 6 },
            "end": { "line": 14, "column": null }
          },
          {
            "start": { "line": 15, "column": 6 },
            "end": { "line": 15, "column": null }
          },
          {
            "start": { "line": 16, "column": 6 },
            "end": { "line": 16, "column": null }
          },
          {
            "start": { "line": 17, "column": 6 },
            "end": { "line": 17, "column": null }
          }
        ],
        "line": 14
      },
      "2": {
        "loc": {
          "start": { "line": 28, "column": 2 },
          "end": { "line": 32, "column": null }
        },
        "type": "if",
        "locations": [
          {
            "start": { "line": 28, "column": 2 },
            "end": { "line": 32, "column": null }
          },
          { "start": {}, "end": {} }
        ],
        "line": 28
      },
      "3": {
        "loc": {
          "start": { "line": 34, "column": 2 },
          "end": { "line": 38, "column": null }
        },
        "type": "if",
        "locations": [
          {
            "start": { "line": 34, "column": 2 },
            "end": { "line": 38, "column": null }
          },
          { "start": {}, "end": {} }
        ],
        "line": 34
      },
      "4": {
        "loc": {
          "start": { "line": 48, "column": 2 },
          "end": { "line": 50, "column": null }
        },
        "type": "if",
        "locations": [
          {
            "start": { "line": 48, "column": 2 },
            "end": { "line": 50, "column": null }
          },
          { "start": {}, "end": {} }
        ],
        "line": 48
      },
      "5": {
        "loc": {
          "start": { "line": 48, "column": 6 },
          "end": { "line": 48, "column": 40 }
        },
        "type": "binary-expr",
        "locations": [
          {
            "start": { "line": 48, "column": 6 },
            "end": { "line": 48, "column": 19 }
          },
          {
            "start": { "line": 48, "column": 19 },
            "end": { "line": 48, "column": 40 }
          }
        ],
        "line": 48
      },
      "6": {
        "loc": {
          "start": { "line": 53, "column": 4 },
          "end": { "line": 62, "column": null }
        },
        "type": "switch",
        "locations": [
          {
            "start": { "line": 54, "column": 6 },
            "end": { "line": 55, "column": null }
          },
          {
            "start": { "line": 56, "column": 6 },
            "end": { "line": 57, "column": null }
          },
          {
            "start": { "line": 58, "column": 6 },
            "end": { "line": 59, "column": null }
          },
          {
            "start": { "line": 60, "column": 6 },
            "end": { "line": 61, "column": null }
          }
        ],
        "line": 53
      },
      "7": {
        "loc": {
          "start": { "line": 70, "column": 2 },
          "end": { "line": 72, "column": null }
        },
        "type": "if",
        "locations": [
          {
            "start": { "line": 70, "column": 2 },
            "end": { "line": 72, "column": null }
          },
          { "start": {}, "end": {} }
        ],
        "line": 70
      },
      "8": {
        "loc": {
          "start": { "line": 70, "column": 6 },
          "end": { "line": 70, "column": 38 }
        },
        "type": "binary-expr",
        "locations": [
          {
            "start": { "line": 70, "column": 6 },
            "end": { "line": 70, "column": 17 }
          },
          {
            "start": { "line": 70, "column": 17 },
            "end": { "line": 70, "column": 38 }
          }
        ],
        "line": 70
      },
      "9": {
        "loc": {
          "start": { "line": 80, "column": 2 },
          "end": { "line": 82, "column": null }
        },
        "type": "if",
        "locations": [
          {
            "start": { "line": 80, "column": 2 },
            "end": { "line": 82, "column": null }
          },
          { "start": {}, "end": {} }
        ],
        "line": 80
      },
      "10": {
        "loc": {
          "start": { "line": 80, "column": 6 },
          "end": { "line": 80, "column": 53 }
        },
        "type": "binary-expr",
        "locations": [
          {
            "start": { "line": 80, "column": 6 },
            "end": { "line": 80, "column": 28 }
          },
          {
            "start": { "line": 80, "column": 28 },
            "end": { "line": 80, "column": 53 }
          }
        ],
        "line": 80
      },
      "11": {
        "loc": {
          "start": { "line": 119, "column": 2 },
          "end": { "line": 121, "column": null }
        },
        "type": "if",
        "locations": [
          {
            "start": { "line": 119, "column": 2 },
            "end": { "line": 121, "column": null }
          },
          { "start": {}, "end": {} }
        ],
        "line": 119
      },
      "12": {
        "loc": {
          "start": { "line": 119, "column": 6 },
          "end": { "line": 119, "column": 48 }
        },
        "type": "binary-expr",
        "locations": [
          {
            "start": { "line": 119, "column": 6 },
            "end": { "line": 119, "column": 25 }
          },
          {
            "start": { "line": 119, "column": 25 },
            "end": { "line": 119, "column": 48 }
          }
        ],
        "line": 119
      },
      "13": {
        "loc": {
          "start": { "line": 128, "column": 4 },
          "end": { "line": 130, "column": null }
        },
        "type": "if",
        "locations": [
          {
            "start": { "line": 128, "column": 4 },
            "end": { "line": 130, "column": null }
          },
          { "start": {}, "end": {} }
        ],
        "line": 128
      },
      "14": {
        "loc": {
          "start": { "line": 132, "column": 23 },
          "end": { "line": 132, "column": null }
        },
        "type": "cond-expr",
        "locations": [
          {
            "start": { "line": 132, "column": 50 },
            "end": { "line": 132, "column": 55 }
          },
          {
            "start": { "line": 132, "column": 55 },
            "end": { "line": 132, "column": null }
          }
        ],
        "line": 132
      },
      "15": {
        "loc": {
          "start": { "line": 133, "column": 11 },
          "end": { "line": 133, "column": null }
        },
        "type": "cond-expr",
        "locations": [
          {
            "start": { "line": 133, "column": 44 },
            "end": { "line": 133, "column": 57 }
          },
          {
            "start": { "line": 133, "column": 57 },
            "end": { "line": 133, "column": null }
          }
        ],
        "line": 133
      },
      "16": {
        "loc": {
          "start": { "line": 142, "column": 4 },
          "end": { "line": 142, "column": null }
        },
        "type": "cond-expr",
        "locations": [
          {
            "start": { "line": 142, "column": 27 },
            "end": { "line": 142, "column": 31 }
          },
          {
            "start": { "line": 142, "column": 31 },
            "end": { "line": 142, "column": null }
          }
        ],
        "line": 142
      },
      "17": {
        "loc": {
          "start": { "line": 150, "column": 2 },
          "end": { "line": 152, "column": null }
        },
        "type": "if",
        "locations": [
          {
            "start": { "line": 150, "column": 2 },
            "end": { "line": 152, "column": null }
          },
          { "start": {}, "end": {} }
        ],
        "line": 150
      }
    },
    "s": {
      "0": 1,
      "1": 6,
      "2": 1,
      "3": 5,
      "4": 5,
      "5": 15,
      "6": 1,
      "7": 4,
      "8": 4,
      "9": 2,
      "10": 6,
      "11": 4,
      "12": 2,
      "13": 6,
      "14": 4,
      "15": 1,
      "16": 5,
      "17": 2,
      "18": 3,
      "19": 9,
      "20": 3,
      "21": 3,
      "22": 3,
      "23": 0,
      "24": 1,
      "25": 4,
      "26": 2,
      "27": 2,
      "28": 6,
      "29": 1,
      "30": 4,
      "31": 2,
      "32": 2,
      "33": 6,
      "34": 1,
      "35": 0,
      "36": 0,
      "37": 0,
      "38": 0,
      "39": 0,
      "40": 0,
      "41": 0,
      "42": 0,
      "43": 1,
      "44": 6,
      "45": 1,
      "46": 5,
      "47": 5,
      "48": 16,
      "49": 16,
      "50": 16,
      "51": 0,
      "52": 16,
      "53": 16,
      "54": 1,
      "55": 4,
      "56": 4,
      "57": 1,
      "58": 6,
      "59": 1,
      "60": 5
    },
    "f": {
      "0": 6,
      "1": 15,
      "2": 4,
      "3": 6,
      "4": 6,
      "5": 5,
      "6": 9,
      "7": 4,
      "8": 6,
      "9": 4,
      "10": 6,
      "11": 0,
      "12": 0,
      "13": 6,
      "14": 16,
      "15": 4,
      "16": 6
    },
    "b": {
      "0": [1, 5],
      "1": [15, 14, 13, 12],
      "2": [2, 2],
      "3": [2, 2],
      "4": [2, 3],
      "5": [5, 4],
      "6": [3, 3, 3, 0],
      "7": [2, 2],
      "8": [4, 3],
      "9": [2, 2],
      "10": [4, 3],
      "11": [1, 5],
      "12": [6, 5],
      "13": [0, 16],
      "14": [5, 11],
      "15": [10, 6],
      "16": [1, 3],
      "17": [1, 5]
    },
    "meta": {
      "lastBranch": 18,
      "lastFunction": 17,
      "lastStatement": 61,
      "seen": {
        "s:3:27:19:Infinity": 0,
        "f:3:27:3:Infinity": 0,
        "b:7:2:9:Infinity:undefined:undefined:undefined:undefined": 0,
        "s:7:2:9:Infinity": 1,
        "s:8:4:8:Infinity": 2,
        "s:11:16:11:Infinity": 3,
        "s:12:2:18:Infinity": 4,
        "f:13:4:13:5": 1,
        "s:14:6:17:Infinity": 5,
        "b:14:6:14:Infinity:15:6:15:Infinity:16:6:16:Infinity:17:6:17:Infinity": 1,
        "s:21:31:41:Infinity": 6,
        "f:21:31:21:Infinity": 2,
        "s:26:15:26:Infinity": 7,
        "b:28:2:32:Infinity:undefined:undefined:undefined:undefined": 2,
        "s:28:2:32:Infinity": 8,
        "s:29:4:31:Infinity": 9,
        "f:30:6:30:7": 3,
        "s:30:15:30:Infinity": 10,
        "b:34:2:38:Infinity:undefined:undefined:undefined:undefined": 3,
        "s:34:2:38:Infinity": 11,
        "s:35:4:37:Infinity": 12,
        "f:36:6:36:7": 4,
        "s:36:15:36:Infinity": 13,
        "s:40:2:40:Infinity": 14,
        "s:43:35:64:Infinity": 15,
        "f:43:35:43:Infinity": 5,
        "b:48:2:50:Infinity:undefined:undefined:undefined:undefined": 4,
        "s:48:2:50:Infinity": 16,
        "b:48:6:48:19:48:19:48:40": 5,
        "s:49:4:49:Infinity": 17,
        "s:52:2:63:Infinity": 18,
        "f:52:26:52:27": 6,
        "b:54:6:55:Infinity:56:6:57:Infinity:58:6:59:Infinity:60:6:61:Infinity": 6,
        "s:53:4:62:Infinity": 19,
        "s:55:8:55:Infinity": 20,
        "s:57:8:57:Infinity": 21,
        "s:59:8:59:Infinity": 22,
        "s:61:8:61:Infinity": 23,
        "s:66:32:74:Infinity": 24,
        "f:66:32:66:Infinity": 7,
        "b:70:2:72:Infinity:undefined:undefined:undefined:undefined": 7,
        "s:70:2:72:Infinity": 25,
        "b:70:6:70:17:70:17:70:38": 8,
        "s:71:4:71:Infinity": 26,
        "s:73:2:73:Infinity": 27,
        "f:73:26:73:27": 8,
        "s:73:35:73:61": 28,
        "s:76:36:84:Infinity": 29,
        "f:76:36:76:Infinity": 9,
        "b:80:2:82:Infinity:undefined:undefined:undefined:undefined": 9,
        "s:80:2:82:Infinity": 30,
        "b:80:6:80:28:80:28:80:53": 10,
        "s:81:4:81:Infinity": 31,
        "s:83:2:83:Infinity": 32,
        "f:83:26:83:27": 10,
        "s:83:35:83:62": 33,
        "s:86:31:113:Infinity": 34,
        "f:86:31:86:Infinity": 11,
        "s:93:15:96:Infinity": 35,
        "f:93:29:93:30": 12,
        "s:93:39:96:4": 36,
        "s:98:2:98:Infinity": 37,
        "s:100:2:100:Infinity": 38,
        "s:102:2:106:Infinity": 39,
        "s:108:2:108:Infinity": 40,
        "s:110:2:110:Infinity": 41,
        "s:112:2:112:Infinity": 42,
        "s:115:28:135:Infinity": 43,
        "f:115:28:115:Infinity": 13,
        "b:119:2:121:Infinity:undefined:undefined:undefined:undefined": 11,
        "s:119:2:121:Infinity": 44,
        "b:119:6:119:25:119:25:119:48": 12,
        "s:120:4:120:Infinity": 45,
        "s:123:20:123:Infinity": 46,
        "s:124:2:134:Infinity": 47,
        "f:124:29:124:30": 14,
        "s:125:23:125:Infinity": 48,
        "s:126:24:126:Infinity": 49,
        "b:128:4:130:Infinity:undefined:undefined:undefined:undefined": 13,
        "s:128:4:130:Infinity": 50,
        "s:129:6:129:Infinity": 51,
        "s:132:23:132:Infinity": 52,
        "b:132:50:132:55:132:55:132:Infinity": 14,
        "s:133:4:133:Infinity": 53,
        "b:133:44:133:57:133:57:133:Infinity": 15,
        "s:137:35:144:Infinity": 54,
        "f:137:35:137:Infinity": 15,
        "s:142:4:142:Infinity": 55,
        "b:142:27:142:31:142:31:142:Infinity": 16,
        "s:143:2:143:Infinity": 56,
        "s:146:35:154:Infinity": 57,
        "f:146:35:146:Infinity": 16,
        "b:150:2:152:Infinity:undefined:undefined:undefined:undefined": 17,
        "s:150:2:152:Infinity": 58,
        "s:151:4:151:Infinity": 59,
        "s:153:2:153:Infinity": 60
      }
    }
  },
  "/Users/farnamhomayounfard/Downloads/Assai - Document Management System/lib/utils.ts": {
    "path": "/Users/farnamhomayounfard/Downloads/Assai - Document Management System/lib/utils.ts",
    "statementMap": {
      "0": {
        "start": { "line": 4, "column": 18 },
        "end": { "line": 6, "column": null }
      },
      "1": {
        "start": { "line": 5, "column": 2 },
        "end": { "line": 5, "column": null }
      }
    },
    "fnMap": {
      "0": {
        "name": "(anonymous_0)",
        "decl": {
          "start": { "line": 4, "column": 18 },
          "end": { "line": 4, "column": 22 }
        },
        "loc": {
          "start": { "line": 4, "column": 47 },
          "end": { "line": 6, "column": null }
        },
        "line": 4
      }
    },
    "branchMap": {},
    "s": { "0": 3, "1": 54 },
    "f": { "0": 54 },
    "b": {},
    "meta": {
      "lastBranch": 0,
      "lastFunction": 1,
      "lastStatement": 2,
      "seen": {
        "s:4:18:6:Infinity": 0,
        "f:4:18:4:22": 0,
        "s:5:2:5:Infinity": 1
      }
    }
  }
}
